<?xml version="1.0" encoding="UTF-8"?>
<testsuite xmlns:xsi="http://www.w3.org/2001/XMLSchema-instance" xsi:noNamespaceSchemaLocation="https://maven.apache.org/surefire/maven-surefire-plugin/xsd/surefire-test-report-3.0.xsd" version="3.0" name="com.friends.friends.FriendsApplicationTests" time="2.478" tests="1" errors="0" skipped="0" failures="0">
  <properties>
[...]
</properties>
  <testcase name="contextLoads" classname="com.friends.friends.FriendsApplicationTests" time="0.306">
    <system-out><![CDATA[13:50:58.244 [main] INFO org.springframework.test.context.support.AnnotationConfigContextLoaderUtils -- Could not detect default configuration classes for test class [com.friends.friends.FriendsApplicationTests]: FriendsApplicationTests does not declare any static, non-private, non-final, nested classes annotated with @Configuration.
13:50:58.293 [main] INFO org.springframework.boot.test.context.SpringBootTestContextBootstrapper -- Found @SpringBootConfiguration com.friends.friends.FriendsApplication for test class com.friends.friends.FriendsApplicationTests

  .   ____          _            __ _ _
 /\\ / ___'_ __ _ _(_)_ __  __ _ \ \ \ \
( ( )\___ | '_ | '_| | '_ \/ _` | \ \ \ \
 \\/  ___)| |_)| | | | | || (_| |  ) ) ) )
  '  |____| .__|_| |_|_| |_\__, | / / / /
 =========|_|==============|___/=/_/_/_/
 :: Spring Boot ::                (v3.1.3)

2025-02-10T13:50:58.474+01:00  INFO 73027 --- [           main] c.f.friends.FriendsApplicationTests      : Starting FriendsApplicationTests using Java 17.0.13 with PID 73027 (started by lukasbajer in /Users/lukasbajer/Desktop/git/homies)
2025-02-10T13:50:58.474+01:00  INFO 73027 --- [           main] c.f.friends.FriendsApplicationTests      : No active profile set, falling back to 1 default profile: "default"
2025-02-10T13:50:58.810+01:00  INFO 73027 --- [           main] .s.d.r.c.RepositoryConfigurationDelegate : Bootstrapping Spring Data JPA repositories in DEFAULT mode.
2025-02-10T13:50:58.833+01:00  INFO 73027 --- [           main] .s.d.r.c.RepositoryConfigurationDelegate : Finished Spring Data repository scanning in 20 ms. Found 2 JPA repository interfaces.
2025-02-10T13:50:59.086+01:00  INFO 73027 --- [           main] o.hibernate.jpa.internal.util.LogHelper  : HHH000204: Processing PersistenceUnitInfo [name: default]
2025-02-10T13:50:59.112+01:00  INFO 73027 --- [           main] org.hibernate.Version                    : HHH000412: Hibernate ORM core version 6.2.7.Final
2025-02-10T13:50:59.113+01:00  INFO 73027 --- [           main] org.hibernate.cfg.Environment            : HHH000406: Using bytecode reflection optimizer
2025-02-10T13:50:59.172+01:00  INFO 73027 --- [           main] o.h.b.i.BytecodeProviderInitiator        : HHH000021: Bytecode provider name : bytebuddy
2025-02-10T13:50:59.228+01:00  INFO 73027 --- [           main] o.s.o.j.p.SpringPersistenceUnitInfo      : No LoadTimeWeaver setup: ignoring JPA class transformer
2025-02-10T13:50:59.235+01:00  INFO 73027 --- [           main] com.zaxxer.hikari.HikariDataSource       : HikariPool-1 - Starting...
2025-02-10T13:50:59.354+01:00  INFO 73027 --- [           main] com.zaxxer.hikari.pool.HikariPool        : HikariPool-1 - Added connection org.postgresql.jdbc.PgConnection@cec590c
2025-02-10T13:50:59.355+01:00  INFO 73027 --- [           main] com.zaxxer.hikari.HikariDataSource       : HikariPool-1 - Start completed.
2025-02-10T13:50:59.465+01:00  INFO 73027 --- [           main] o.h.b.i.BytecodeProviderInitiator        : HHH000021: Bytecode provider name : bytebuddy
2025-02-10T13:50:59.750+01:00  INFO 73027 --- [           main] o.h.e.t.j.p.i.JtaPlatformInitiator       : HHH000490: Using JtaPlatform implementation: [org.hibernate.engine.transaction.jta.platform.internal.NoJtaPlatform]
2025-02-10T13:50:59.795+01:00  INFO 73027 --- [           main] j.LocalContainerEntityManagerFactoryBean : Initialized JPA EntityManagerFactory for persistence unit 'default'
2025-02-10T13:51:00.011+01:00  WARN 73027 --- [           main] JpaBaseConfiguration$JpaWebConfiguration : spring.jpa.open-in-view is enabled by default. Therefore, database queries may be performed during view rendering. Explicitly configure spring.jpa.open-in-view to disable this warning
2025-02-10T13:51:00.074+01:00  INFO 73027 --- [           main] o.s.s.web.DefaultSecurityFilterChain     : Will secure any request with [org.springframework.security.web.session.DisableEncodeUrlFilter@7657d29f, org.springframework.security.web.context.request.async.WebAsyncManagerIntegrationFilter@6ace3, org.springframework.security.web.context.SecurityContextHolderFilter@60256d1b, org.springframework.security.web.header.HeaderWriterFilter@3a5b1af7, org.springframework.web.filter.CorsFilter@d3b0397, org.springframework.security.web.authentication.logout.LogoutFilter@1a06ec24, com.friends.friends.Config.JwtAuthenticationFilter@1ab717f3, org.springframework.security.web.savedrequest.RequestCacheAwareFilter@5d8a1456, org.springframework.security.web.servletapi.SecurityContextHolderAwareRequestFilter@2b55ea4d, org.springframework.security.web.authentication.AnonymousAuthenticationFilter@52bcfd10, org.springframework.security.web.access.ExceptionTranslationFilter@7ead0b51, org.springframework.security.web.access.intercept.AuthorizationFilter@105cdf61]
2025-02-10T13:51:00.328+01:00  INFO 73027 --- [           main] c.f.friends.FriendsApplicationTests      : Started FriendsApplicationTests in 1.976 seconds (process running for 2.411)
]]></system-out>
  </testcase>
</testsuite>